<?xml version="1.0" encoding="UTF-8"?>
<!-- Generated by org.testng.reporters.JUnitReportReporter -->
<testsuite skipped="0" hostname="SULTANS-LAPTOP" name="keyworddrivenfwk.tests.DriverScript" tests="1" failures="0" timestamp="19 Jan 2022 01:21:18 GMT" time="3.355" errors="0">
  <testcase name="validateLogin" time="3.355" classname="keyworddrivenfwk.tests.DriverScript"/>
</testsuite> <!-- keyworddrivenfwk.tests.DriverScript -->
