<?xml version="1.0" encoding="UTF-8"?>
<!-- Generated by org.testng.reporters.JUnitReportReporter -->
<testsuite skipped="0" hostname="SULTANS-LAPTOP" name="keyworddrivenfwk.tests.TestScript" tests="1" failures="0" timestamp="27 Jan 2022 23:58:51 GMT" time="4.497" errors="0">
  <testcase name="invalidLoginTest" time="4.497" classname="keyworddrivenfwk.tests.TestScript"/>
</testsuite> <!-- keyworddrivenfwk.tests.TestScript -->
