<?xml version="1.0" encoding="UTF-8"?>
<!-- Generated by org.testng.reporters.JUnitReportReporter -->
<testsuite skipped="0" hostname="SULTANS-LAPTOP" name="keyworddrivenfwk.tests.TestScript" tests="1" failures="0" timestamp="19 Jan 2022 01:30:49 GMT" time="4.167" errors="0">
  <testcase name="validateLogin" time="4.167" classname="keyworddrivenfwk.tests.TestScript"/>
</testsuite> <!-- keyworddrivenfwk.tests.TestScript -->
